#
# A fatal error has been detected by the Java Runtime Environment:
#
#  EXCEPTION_STACK_OVERFLOW (0xc00000fd) at pc=0x6b4819a3, pid=12980, tid=14460
#
# JRE version: Java(TM) SE Runtime Environment (8.0_05-b13) (build 1.8.0_05-b13)
# Java VM: Java HotSpot(TM) Client VM (25.5-b02 mixed mode windows-x86 )
# Problematic frame:
# V  [jvm.dll+0x1419a3]
#
# Failed to write core dump. Minidumps are not enabled by default on client versions of Windows
#
# If you would like to submit a bug report, please visit:
#   http://bugreport.sun.com/bugreport/crash.jsp
#

---------------  T H R E A D  ---------------

Current thread (0x15b2fc00):  JavaThread "TimerQueue" daemon [_thread_in_vm, id=14460, stack(0x167d0000,0x16820000)]

siginfo: ExceptionCode=0xc00000fd, ExceptionInformation=0x00000001 0x1681c44c 

Registers:
EAX=0x00003000, EBX=0x1681f63c, ECX=0x1681c44c, EDX=0x15b19200
ESP=0x1681f458, EBP=0x1681f4c4, ESI=0x00000004, EDI=0x1681f44c
EIP=0x6b4819a3, EFLAGS=0x00010202

Top of Stack: (sp=0x1681f458)
0x1681f458:   15b23430 15b2fc00 6b482233 00000000
0x1681f468:   15b2fc00 1681f5ac 00000001 15b2fc00
0x1681f478:   6b3b8825 15b2fc00 15b19200 14a21918
0x1681f488:   1681f4e4 6b3b918e 14a23260 14a23260
0x1681f498:   14a21918 15b2fc00 14a21918 15b2fc00
0x1681f4a8:   15b19200 14a21918 15b2fc00 0000000a
0x1681f4b8:   1681f5ac 15b23430 028297a0 1681f50c
0x1681f4c8:   6b5470be 1681f634 1681f538 1681f5ac 

Instructions: (pc=0x6b4819a3)
0x6b481983:   29 58 0c 00 be 01 00 00 00 8b f8 39 35 04 c1 66
0x6b481993:   6b 7c 1b e8 c5 3e 06 00 0f af c6 8b cf 2b c8 46
0x6b4819a3:   c7 01 00 00 00 00 3b 35 04 c1 66 6b 7e e5 5f 5e
0x6b4819b3:   c3 cc cc cc cc cc cc cc cc cc cc cc cc 8b 01 8b 


Register to memory mapping:

EAX=0x00003000 is an unknown value
EBX=0x1681f63c is pointing into the stack for thread: 0x15b2fc00
ECX=0x1681c44c is pointing into the stack for thread: 0x15b2fc00
EDX=0x15b19200 is an unknown value
ESP=0x1681f458 is pointing into the stack for thread: 0x15b2fc00
EBP=0x1681f4c4 is pointing into the stack for thread: 0x15b2fc00
ESI=0x00000004 is an unknown value
EDI=0x1681f44c is pointing into the stack for thread: 0x15b2fc00


Stack: [0x167d0000,0x16820000],  sp=0x1681f458,  free space=317k
Native frames: (J=compiled Java code, j=interpreted, Vv=VM code, C=native code)
V  [jvm.dll+0x1419a3]
V  [jvm.dll+0x2070be]
V  [jvm.dll+0x14231e]
V  [jvm.dll+0x1424a6]
V  [jvm.dll+0x142517]
V  [jvm.dll+0xede0f]
V  [jvm.dll+0x1645fc]
V  [jvm.dll+0x164e8a]
V  [jvm.dll+0x1a9186]
C  [msvcr100.dll+0x5c556]
C  [msvcr100.dll+0x5c600]
C  [kernel32.dll+0x13677]
C  [ntdll.dll+0x39d72]
C  [ntdll.dll+0x39d45]


---------------  P R O C E S S  ---------------

Java Threads: ( => current thread )
=>0x15b2fc00 JavaThread "TimerQueue" daemon [_thread_in_vm, id=14460, stack(0x167d0000,0x16820000)]
  0x00eebc00 JavaThread "DestroyJavaVM" [_thread_blocked, id=13336, stack(0x02500000,0x02550000)]
  0x14faf000 JavaThread "AWT-EventQueue-0" [_thread_in_native, id=14736, stack(0x16070000,0x160c0000)]
  0x1505f800 JavaThread "AWT-Shutdown" [_thread_blocked, id=14312, stack(0x15ee0000,0x15f30000)]
  0x14fbec00 JavaThread "AWT-Windows" daemon [_thread_in_native, id=14720, stack(0x158f0000,0x15940000)]
  0x14fb9000 JavaThread "Java2D Disposer" daemon [_thread_blocked, id=14704, stack(0x15530000,0x15580000)]
  0x14ec1000 JavaThread "Service Thread" daemon [_thread_blocked, id=2632, stack(0x156d0000,0x15720000)]
  0x14eb8800 JavaThread "C1 CompilerThread0" daemon [_thread_blocked, id=6484, stack(0x155e0000,0x15630000)]
  0x14ec8400 JavaThread "Attach Listener" daemon [_thread_blocked, id=6380, stack(0x154e0000,0x15530000)]
  0x14ec5400 JavaThread "Signal Dispatcher" daemon [_thread_blocked, id=1516, stack(0x15410000,0x15460000)]
  0x14e7f400 JavaThread "Finalizer" daemon [_thread_blocked, id=13708, stack(0x15140000,0x15190000)]
  0x14e79800 JavaThread "Reference Handler" daemon [_thread_blocked, id=13704, stack(0x150f0000,0x15140000)]

Other Threads:
  0x14e76400 VMThread [stack: 0x150a0000,0x150f0000] [id=13540]
  0x14ec2000 WatcherThread [stack: 0x15590000,0x155e0000] [id=13888]

VM state:not at safepoint (normal execution)

VM Mutex/Monitor currently owned by a thread: None

Heap:
 def new generation   total 4992K, used 1084K [0x04a00000, 0x04f60000, 0x09f50000)
  eden space 4480K,  24% used [0x04a00000, 0x04b0f3e0, 0x04e60000)
  from space 512K,   0% used [0x04e60000, 0x04e60000, 0x04ee0000)
  to   space 512K,   0% used [0x04ee0000, 0x04ee0000, 0x04f60000)
 tenured generation   total 10944K, used 1428K [0x09f50000, 0x0aa00000, 0x14a00000)
   the space 10944K,  13% used [0x09f50000, 0x0a0b5020, 0x0a0b5200, 0x0aa00000)
 Metaspace       used 6949K, capacity 7068K, committed 7168K, reserved 8576K

Card table byte_map: [0x048a0000,0x04930000] byte_map_base: 0x0487b000

Polling page: 0x001c0000

CodeCache: size=32768Kb used=938Kb max_used=938Kb free=31829Kb
 bounds [0x02820000, 0x02910000, 0x04820000]
 total_blobs=394 nmethods=186 adapters=140
 compilation: enabled

Compilation events (10 events):
Event: 154.980 Thread 0x14eb8800  180             java.nio.ByteBufferAsCharBufferB::ix (9 bytes)
Event: 154.980 Thread 0x14eb8800 nmethod 180 0x02908a08 code [0x02908b00, 0x02908b80]
Event: 154.981 Thread 0x14eb8800  181             sun.font.CMap$CMapFormat4::<init> (342 bytes)
Event: 154.982 Thread 0x14eb8800 nmethod 181 0x02908bc8 code [0x02908de0, 0x029095b0]
Event: 155.258 Thread 0x14eb8800  183             java.util.ArrayList::access$100 (5 bytes)
Event: 155.258 Thread 0x14eb8800 nmethod 183 0x0290a188 code [0x0290a280, 0x0290a2f0]
Event: 155.973 Thread 0x14eb8800  184             java.util.AbstractCollection::<init> (5 bytes)
Event: 155.974 Thread 0x14eb8800 nmethod 184 0x0290a348 code [0x0290a440, 0x0290a4c0]
Event: 155.976 Thread 0x14eb8800  185             java.beans.PropertyChangeSupport::fire (39 bytes)
Event: 155.976 Thread 0x14eb8800 nmethod 185 0x0290a508 code [0x0290a610, 0x0290a6ec]

GC Heap History (4 events):
Event: 146.271 GC heap before
{Heap before GC invocations=0 (full 0):
 def new generation   total 4928K, used 3587K [0x04a00000, 0x04f50000, 0x09f50000)
  eden space 4416K,  81% used [0x04a00000, 0x04d80e70, 0x04e50000)
  from space 512K,   0% used [0x04e50000, 0x04e50000, 0x04ed0000)
  to   space 512K,   0% used [0x04ed0000, 0x04ed0000, 0x04f50000)
 tenured generation   total 10944K, used 0K [0x09f50000, 0x0aa00000, 0x14a00000)
   the space 10944K,   0% used [0x09f50000, 0x09f50000, 0x09f50200, 0x0aa00000)
 Metaspace       used 5808K, capacity 5879K, committed 5888K, reserved 8576K
Event: 146.286 GC heap after
Heap after GC invocations=1 (full 1):
 def new generation   total 4928K, used 0K [0x04a00000, 0x04f50000, 0x09f50000)
  eden space 4416K,   0% used [0x04a00000, 0x04a00000, 0x04e50000)
  from space 512K,   0% used [0x04e50000, 0x04e50000, 0x04ed0000)
  to   space 512K,   0% used [0x04ed0000, 0x04ed0000, 0x04f50000)
 tenured generation   total 10944K, used 1428K [0x09f50000, 0x0aa00000, 0x14a00000)
   the space 10944K,  13% used [0x09f50000, 0x0a0b5020, 0x0a0b5200, 0x0aa00000)
 Metaspace       used 5808K, capacity 5879K, committed 5888K, reserved 7552K
}
Event: 146.324 GC heap before
{Heap before GC invocations=1 (full 1):
 def new generation   total 4928K, used 0K [0x04a00000, 0x04f50000, 0x09f50000)
  eden space 4416K,   0% used [0x04a00000, 0x04a00000, 0x04e50000)
  from space 512K,   0% used [0x04e50000, 0x04e50000, 0x04ed0000)
  to   space 512K,   0% used [0x04ed0000, 0x04ed0000, 0x04f50000)
 tenured generation   total 10944K, used 1428K [0x09f50000, 0x0aa00000, 0x14a00000)
   the space 10944K,  13% used [0x09f50000, 0x0a0b5020, 0x0a0b5200, 0x0aa00000)
 Metaspace       used 5808K, capacity 5879K, committed 5888K, reserved 9600K
Event: 146.333 GC heap after
Heap after GC invocations=2 (full 2):
 def new generation   total 4992K, used 0K [0x04a00000, 0x04f60000, 0x09f50000)
  eden space 4480K,   0% used [0x04a00000, 0x04a00000, 0x04e60000)
  from space 512K,   0% used [0x04e60000, 0x04e60000, 0x04ee0000)
  to   space 512K,   0% used [0x04ee0000, 0x04ee0000, 0x04f60000)
 tenured generation   total 10944K, used 1428K [0x09f50000, 0x0aa00000, 0x14a00000)
   the space 10944K,  13% used [0x09f50000, 0x0a0b5020, 0x0a0b5200, 0x0aa00000)
 Metaspace       used 5806K, capacity 5877K, committed 5888K, reserved 7552K
}

Deoptimization events (0 events):
No events

Internal exceptions (10 events):
Event: 102.666 Thread 0x00eebc00 Exception <a 'java/lang/ClassNotFoundException': TreeCell> (0x04c6fb78) thrown at [D:\re\workspace\8-2-build-windows-i586-cygwin\jdk8u5\2488\hotspot\src\share\vm\classfile\systemDictionary.cpp, line 202]
Event: 102.667 Thread 0x00eebc00 Exception <a 'java/lang/ClassNotFoundException': RootPane> (0x04c70498) thrown at [D:\re\workspace\8-2-build-windows-i586-cygwin\jdk8u5\2488\hotspot\src\share\vm\classfile\systemDictionary.cpp, line 202]
Event: 113.904 Thread 0x00eebc00 Exception <a 'java/security/PrivilegedActionException'> (0x04cbd4a8) thrown at [D:\re\workspace\8-2-build-windows-i586-cygwin\jdk8u5\2488\hotspot\src\share\vm\prims\jvm.cpp, line 1248]
Event: 152.611 Thread 0x14faf000 Exception <a 'java/security/PrivilegedActionException'> (0x04acb0b0) thrown at [D:\re\workspace\8-2-build-windows-i586-cygwin\jdk8u5\2488\hotspot\src\share\vm\prims\jvm.cpp, line 1248]
Event: 152.718 Thread 0x14faf000 Exception <a 'java/security/PrivilegedActionException'> (0x04acc848) thrown at [D:\re\workspace\8-2-build-windows-i586-cygwin\jdk8u5\2488\hotspot\src\share\vm\prims\jvm.cpp, line 1248]
Event: 155.583 Thread 0x14faf000 Exception <a 'java/security/PrivilegedActionException'> (0x04af47e0) thrown at [D:\re\workspace\8-2-build-windows-i586-cygwin\jdk8u5\2488\hotspot\src\share\vm\prims\jvm.cpp, line 1248]
Event: 155.651 Thread 0x14faf000 Exception <a 'java/security/PrivilegedActionException'> (0x04af6038) thrown at [D:\re\workspace\8-2-build-windows-i586-cygwin\jdk8u5\2488\hotspot\src\share\vm\prims\jvm.cpp, line 1248]
Event: 155.740 Thread 0x14faf000 Exception <a 'java/security/PrivilegedActionException'> (0x04af77d0) thrown at [D:\re\workspace\8-2-build-windows-i586-cygwin\jdk8u5\2488\hotspot\src\share\vm\prims\jvm.cpp, line 1248]
Event: 155.849 Thread 0x14faf000 Exception <a 'java/security/PrivilegedActionException'> (0x04af8f30) thrown at [D:\re\workspace\8-2-build-windows-i586-cygwin\jdk8u5\2488\hotspot\src\share\vm\prims\jvm.cpp, line 1248]
Event: 155.915 Thread 0x14faf000 Exception <a 'java/security/PrivilegedActionException'> (0x04afa6b8) thrown at [D:\re\workspace\8-2-build-windows-i586-cygwin\jdk8u5\2488\hotspot\src\share\vm\prims\jvm.cpp, line 1248]

Events (10 events):
Event: 156.373 loading class java/util/AbstractQueue done
Event: 156.374 loading class java/util/concurrent/DelayQueue done
Event: 156.374 loading class java/util/PriorityQueue
Event: 156.375 loading class java/util/PriorityQueue done
Event: 156.375 loading class javax/swing/TimerQueue$1
Event: 156.375 loading class javax/swing/TimerQueue$1 done
Event: 156.383 Thread 0x15b2fc00 Thread added: 0x15b2fc00
Event: 156.383 loading class javax/swing/text/DefaultCaret$1
Event: 156.383 loading class javax/swing/text/DefaultCaret$1 done
Event: 156.383 loading class javax/swing/event/UndoableEditEvent


Dynamic libraries:
0x01000000 - 0x01030000 	C:\Program Files (x86)\Java\jdk1.8.0_05\bin\java.exe
0x77720000 - 0x778a0000 	C:\Windows\SysWOW64\ntdll.dll
0x766d0000 - 0x767d0000 	C:\Windows\syswow64\kernel32.dll
0x76680000 - 0x766c6000 	C:\Windows\syswow64\KERNELBASE.dll
0x76590000 - 0x76630000 	C:\Windows\syswow64\ADVAPI32.dll
0x76e30000 - 0x76edc000 	C:\Windows\syswow64\msvcrt.dll
0x772a0000 - 0x772b9000 	C:\Windows\SysWOW64\sechost.dll
0x76440000 - 0x76530000 	C:\Windows\syswow64\RPCRT4.dll
0x75290000 - 0x752f0000 	C:\Windows\syswow64\SspiCli.dll
0x75280000 - 0x7528c000 	C:\Windows\syswow64\CRYPTBASE.dll
0x75580000 - 0x75680000 	C:\Windows\syswow64\USER32.dll
0x763b0000 - 0x76440000 	C:\Windows\syswow64\GDI32.dll
0x76940000 - 0x7694a000 	C:\Windows\syswow64\LPK.dll
0x753c0000 - 0x7545d000 	C:\Windows\syswow64\USP10.dll
0x73880000 - 0x73a1e000 	C:\Windows\WinSxS\x86_microsoft.windows.common-controls_6595b64144ccf1df_6.0.7600.16385_none_421189da2b7fabfc\COMCTL32.dll
0x772c0000 - 0x77317000 	C:\Windows\syswow64\SHLWAPI.dll
0x76530000 - 0x76590000 	C:\Windows\system32\IMM32.DLL
0x752f0000 - 0x753bc000 	C:\Windows\syswow64\MSCTF.dll
0x710a0000 - 0x710cc000 	C:\Program Files (x86)\AVG\Av\avghookx.dll
0x6e3c0000 - 0x6e47f000 	C:\Program Files (x86)\Java\jdk1.8.0_05\jre\bin\msvcr100.dll
0x6b340000 - 0x6b6d6000 	C:\Program Files (x86)\Java\jdk1.8.0_05\jre\bin\client\jvm.dll
0x72870000 - 0x72877000 	C:\Windows\system32\WSOCK32.dll
0x75720000 - 0x75755000 	C:\Windows\syswow64\WS2_32.dll
0x77290000 - 0x77296000 	C:\Windows\syswow64\NSI.dll
0x72390000 - 0x723c2000 	C:\Windows\system32\WINMM.dll
0x75710000 - 0x75715000 	C:\Windows\syswow64\PSAPI.DLL
0x711f0000 - 0x711fc000 	C:\Program Files (x86)\Java\jdk1.8.0_05\jre\bin\verify.dll
0x70da0000 - 0x70dc1000 	C:\Program Files (x86)\Java\jdk1.8.0_05\jre\bin\java.dll
0x6e520000 - 0x6e533000 	C:\Program Files (x86)\Java\jdk1.8.0_05\jre\bin\zip.dll
0x75760000 - 0x763a9000 	C:\Windows\syswow64\SHELL32.dll
0x767d0000 - 0x7692c000 	C:\Windows\syswow64\ole32.dll
0x73e20000 - 0x73e2b000 	C:\Windows\system32\profapi.dll
0x6e270000 - 0x6e3b5000 	C:\Program Files (x86)\Java\jdk1.8.0_05\jre\bin\awt.dll
0x75680000 - 0x7570f000 	C:\Windows\syswow64\OLEAUT32.dll
0x72310000 - 0x72390000 	C:\Windows\system32\uxtheme.dll
0x726e0000 - 0x726f3000 	C:\Windows\system32\dwmapi.dll
0x6e4c0000 - 0x6e4f9000 	C:\Program Files (x86)\Java\jdk1.8.0_05\jre\bin\fontmanager.dll
0x65370000 - 0x65533000 	C:\Windows\system32\d3d9.dll
0x72690000 - 0x72699000 	C:\Windows\system32\VERSION.dll
0x6a6c0000 - 0x6a6c6000 	C:\Windows\system32\d3d8thk.dll
0x649c0000 - 0x65366000 	C:\Windows\system32\nvd3dum.dll
0x6e500000 - 0x6e514000 	C:\Program Files (x86)\Java\jdk1.8.0_05\jre\bin\net.dll
0x75050000 - 0x7508c000 	C:\Windows\system32\mswsock.dll
0x75040000 - 0x75046000 	C:\Windows\System32\wship6.dll
0x71200000 - 0x7120f000 	C:\Program Files (x86)\Java\jdk1.8.0_05\jre\bin\nio.dll
0x6ba50000 - 0x6ba80000 	C:\Program Files (x86)\Java\jdk1.8.0_05\jre\bin\t2k.dll

VM Arguments:
jvm_args: -Dfile.encoding=UTF-8 
java_command: skripsi_svmga.UI
java_class_path (initial): C:\Program Files (x86)\NetBeans 8.0\ide\modules\ext\mysql-connector-java-5.1.23-bin.jar;C:\Users\harist\Documents\NetBeansProjects\Skripsi_SVMGA\build\classes
Launcher Type: SUN_STANDARD

Environment Variables:
PATH=C:\Windows\system32;C:\Windows;C:\Windows\System32\Wbem;C:\Windows\System32\WindowsPowerShell\v1.0\;C:\Program Files\Trend Micro\AMSP
USERNAME=harist
OS=Windows_NT
PROCESSOR_IDENTIFIER=Intel64 Family 6 Model 42 Stepping 7, GenuineIntel



---------------  S Y S T E M  ---------------

OS: Windows 7 , 64 bit Build 7600 

CPU:total 4 (2 cores per cpu, 2 threads per core) family 6 model 42 stepping 7, cmov, cx8, fxsr, mmx, sse, sse2, sse3, ssse3, sse4.1, sse4.2, popcnt, clmul, ht, tsc, tscinvbit

Memory: 4k page, physical 4170524k(458712k free), swap 9622308k(4968k free)

vm_info: Java HotSpot(TM) Client VM (25.5-b02) for windows-x86 JRE (1.8.0_05-b13), built on Mar 18 2014 01:14:47 by "java_re" with MS VC++ 10.0 (VS2010)

time: Sat Jan 02 07:13:01 2016
elapsed time: 156 seconds

