#
# There is insufficient memory for the Java Runtime Environment to continue.
# Native memory allocation (malloc) failed to allocate 32756 bytes for ChunkPool::allocate
# Possible reasons:
#   The system is out of physical RAM or swap space
#   In 32 bit mode, the process size limit was hit
# Possible solutions:
#   Reduce memory load on the system
#   Increase physical memory or swap space
#   Check if swap backing store is full
#   Use 64 bit Java on a 64 bit OS
#   Decrease Java heap size (-Xmx/-Xms)
#   Decrease number of Java threads
#   Decrease Java thread stack sizes (-Xss)
#   Set larger code cache with -XX:ReservedCodeCacheSize=
# This output file may be truncated or incomplete.
#
#  Out of Memory Error (allocation.cpp:271), pid=14964, tid=12040
#
# JRE version:  (8.0_05-b13) (build )
# Java VM: Java HotSpot(TM) Client VM (25.5-b02 mixed mode windows-x86 )
# Failed to write core dump. Minidumps are not enabled by default on client versions of Windows
#

---------------  T H R E A D  ---------------

Current thread (0x00abbc00):  JavaThread "main" [_thread_in_vm, id=12040, stack(0x02630000,0x02680000)]

Stack: [0x02630000,0x02680000],  sp=0x0267dd80,  free space=311k
Native frames: (J=compiled Java code, j=interpreted, Vv=VM code, C=native code)
V  [jvm.dll+0x1921e8]
V  [jvm.dll+0x18b328]
V  [jvm.dll+0x80d49]
V  [jvm.dll+0x80fbf]
V  [jvm.dll+0x8131a]
V  [jvm.dll+0x96b24]
V  [jvm.dll+0x18c53a]
V  [jvm.dll+0x4aff4]
V  [jvm.dll+0x37efc]
V  [jvm.dll+0x37f8a]
V  [jvm.dll+0x38637]
V  [jvm.dll+0x32c2c]
V  [jvm.dll+0x348b7]
V  [jvm.dll+0x47b83]
V  [jvm.dll+0x4825a]
V  [jvm.dll+0x494f0]
V  [jvm.dll+0x45eda]
V  [jvm.dll+0x32761]
V  [jvm.dll+0x348b7]
V  [jvm.dll+0x47b83]
V  [jvm.dll+0x4825a]
V  [jvm.dll+0x494bd]
V  [jvm.dll+0x4953a]
V  [jvm.dll+0x14dc96]
V  [jvm.dll+0x14ddde]
V  [jvm.dll+0xfb00e]
j  java.lang.Class.getDeclaredFields0(Z)[Ljava/lang/reflect/Field;+0
j  java.lang.Class.access$100(Ljava/lang/Class;Z)[Ljava/lang/reflect/Field;+2
j  java.lang.Class$Atomic.<clinit>()V+9
v  ~StubRoutines::call_stub
V  [jvm.dll+0x142285]
V  [jvm.dll+0x2070be]
V  [jvm.dll+0x14231e]
V  [jvm.dll+0xb0f44]
V  [jvm.dll+0xb2b21]
V  [jvm.dll+0xb3548]
V  [jvm.dll+0x797c6]
V  [jvm.dll+0x7a7e2]
V  [jvm.dll+0x75e07]
j  java.lang.Class.newReflectionData(Ljava/lang/ref/SoftReference;I)Ljava/lang/Class$ReflectionData;+27
j  java.lang.Class.reflectionData()Ljava/lang/Class$ReflectionData;+45
j  java.lang.Class.privateGetDeclaredFields(Z)[Ljava/lang/reflect/Field;+4
j  java.lang.Class.getDeclaredField(Ljava/lang/String;)Ljava/lang/reflect/Field;+11
j  java.util.concurrent.atomic.AtomicReferenceFieldUpdater$AtomicReferenceFieldUpdaterImpl$1.run()Ljava/lang/reflect/Field;+8
j  java.util.concurrent.atomic.AtomicReferenceFieldUpdater$AtomicReferenceFieldUpdaterImpl$1.run()Ljava/lang/Object;+1
v  ~StubRoutines::call_stub
V  [jvm.dll+0x142285]
V  [jvm.dll+0x2070be]
V  [jvm.dll+0x14231e]
V  [jvm.dll+0xf99ed]
C  [java.dll+0x1047]
j  java.util.concurrent.atomic.AtomicReferenceFieldUpdater$AtomicReferenceFieldUpdaterImpl.<init>(Ljava/lang/Class;Ljava/lang/Class;Ljava/lang/String;Ljava/lang/Class;)V+14
j  java.util.concurrent.atomic.AtomicReferenceFieldUpdater.newUpdater(Ljava/lang/Class;Ljava/lang/Class;Ljava/lang/String;)Ljava/util/concurrent/atomic/AtomicReferenceFieldUpdater;+10
j  java.io.BufferedInputStream.<clinit>()V+17
v  ~StubRoutines::call_stub
V  [jvm.dll+0x142285]
V  [jvm.dll+0x2070be]
V  [jvm.dll+0x14231e]
V  [jvm.dll+0xb0f44]
V  [jvm.dll+0xb2b21]
V  [jvm.dll+0xb3548]
V  [jvm.dll+0x75681]
j  java.lang.System.initializeSystemClass()V+70
v  ~StubRoutines::call_stub
V  [jvm.dll+0x142285]
V  [jvm.dll+0x2070be]
V  [jvm.dll+0x14231e]
V  [jvm.dll+0x1428a1]
V  [jvm.dll+0x14290d]
V  [jvm.dll+0x15f85d]
V  [jvm.dll+0x164a6d]
V  [jvm.dll+0xd8c61]
C  [java.exe+0x13c1]
C  [java.exe+0x1e78]
C  [java.exe+0xab61]
C  [java.exe+0xabeb]
C  [kernel32.dll+0x13677]
C  [ntdll.dll+0x39d72]
C  [ntdll.dll+0x39d45]

Java frames: (J=compiled Java code, j=interpreted, Vv=VM code)
j  java.lang.Class.getDeclaredFields0(Z)[Ljava/lang/reflect/Field;+0
j  java.lang.Class.access$100(Ljava/lang/Class;Z)[Ljava/lang/reflect/Field;+2
j  java.lang.Class$Atomic.<clinit>()V+9
v  ~StubRoutines::call_stub
j  java.lang.Class.newReflectionData(Ljava/lang/ref/SoftReference;I)Ljava/lang/Class$ReflectionData;+27
j  java.lang.Class.reflectionData()Ljava/lang/Class$ReflectionData;+45
j  java.lang.Class.privateGetDeclaredFields(Z)[Ljava/lang/reflect/Field;+4
j  java.lang.Class.getDeclaredField(Ljava/lang/String;)Ljava/lang/reflect/Field;+11
j  java.util.concurrent.atomic.AtomicReferenceFieldUpdater$AtomicReferenceFieldUpdaterImpl$1.run()Ljava/lang/reflect/Field;+8
j  java.util.concurrent.atomic.AtomicReferenceFieldUpdater$AtomicReferenceFieldUpdaterImpl$1.run()Ljava/lang/Object;+1
v  ~StubRoutines::call_stub
j  java.security.AccessController.doPrivileged(Ljava/security/PrivilegedExceptionAction;)Ljava/lang/Object;+0
j  java.util.concurrent.atomic.AtomicReferenceFieldUpdater$AtomicReferenceFieldUpdaterImpl.<init>(Ljava/lang/Class;Ljava/lang/Class;Ljava/lang/String;Ljava/lang/Class;)V+14
j  java.util.concurrent.atomic.AtomicReferenceFieldUpdater.newUpdater(Ljava/lang/Class;Ljava/lang/Class;Ljava/lang/String;)Ljava/util/concurrent/atomic/AtomicReferenceFieldUpdater;+10
j  java.io.BufferedInputStream.<clinit>()V+17
v  ~StubRoutines::call_stub
j  java.lang.System.initializeSystemClass()V+70
v  ~StubRoutines::call_stub

---------------  P R O C E S S  ---------------

Java Threads: ( => current thread )
  0x14e7bc00 JavaThread "Finalizer" daemon [_thread_blocked, id=12220, stack(0x15380000,0x153d0000)]
  0x14e79800 JavaThread "Reference Handler" daemon [_thread_blocked, id=11928, stack(0x150b0000,0x15100000)]
=>0x00abbc00 JavaThread "main" [_thread_in_vm, id=12040, stack(0x02630000,0x02680000)]

Other Threads:
  0x14e76400 VMThread [stack: 0x15280000,0x152d0000] [id=12604]

VM state:not at safepoint (normal execution)

VM Mutex/Monitor currently owned by a thread: None

Heap:
 def new generation   total 4928K, used 176K [0x04a00000, 0x04f50000, 0x09f50000)
  eden space 4416K,   4% used [0x04a00000, 0x04a2c338, 0x04e50000)
  from space 512K,   0% used [0x04e50000, 0x04e50000, 0x04ed0000)
  to   space 512K,   0% used [0x04ed0000, 0x04ed0000, 0x04f50000)
 tenured generation   total 10944K, used 0K [0x09f50000, 0x0aa00000, 0x14a00000)
   the space 10944K,   0% used [0x09f50000, 0x09f50000, 0x09f50200, 0x0aa00000)
 Metaspace       used 739K, capacity 2240K, committed 2240K, reserved 4480K

Card table byte_map: [0x04950000,0x049e0000] byte_map_base: 0x0492b000

Polling page: 0x00140000

CodeCache: size=32768Kb used=333Kb max_used=333Kb free=32434Kb
 bounds [0x02950000, 0x029a8000, 0x04950000]
 total_blobs=68 nmethods=0 adapters=46
 compilation: enabled

Compilation events (0 events):
No events

GC Heap History (0 events):
No events

Deoptimization events (0 events):
No events

Internal exceptions (2 events):
Event: 1.746 Thread 0x00abbc00 Exception <a 'java/lang/NoSuchMethodError': Method sun.misc.Unsafe.defineClass(Ljava/lang/String;[BII)Ljava/lang/Class; name or signature does not match> (0x04a0a960) thrown at [D:\re\workspace\8-2-build-windows-i586-cygwin\jdk8u5\2488\hotspot\src\share\vm`В$Bвпы?
Event: 1.746 Thread 0x00abbc00 Exception <a 'java/lang/NoSuchMethodError': Method sun.misc.Unsafe.prefetchRead(Ljava/lang/Object;J)V name or signature does not match> (0x04a0abe0) thrown at [D:\re\workspace\8-2-build-windows-i586-cygwin\jdk8u5\2488\hotspot\src\share\vm\prims\jni.cpp, li

Events (10 events):
Event: 1.756 loading class sun/reflect/generics/repository/AbstractRepository
Event: 1.756 loading class sun/reflect/generics/repository/AbstractRepository done
Event: 1.756 loading class sun/reflect/generics/repository/GenericDeclRepository done
Event: 1.756 loading class sun/reflect/generics/repository/ClassRepository done
Event: 1.756 loading class java/lang/Class$AnnotationData
Event: 1.756 loading class java/lang/Class$AnnotationData done
Event: 1.756 loading class sun/reflect/annotation/AnnotationType
Event: 1.756 loading class sun/reflect/annotation/AnnotationType done
Event: 1.756 loading class java/lang/ClassValue$ClassValueMap
Event: 1.756 loading class java/util/WeakHashMap


Dynamic libraries:
0x01000000 - 0x01030000 	C:\Program Files (x86)\Java\jdk1.8.0_05\bin\java.exe
0x77720000 - 0x778a0000 	C:\Windows\SysWOW64\ntdll.dll
0x766d0000 - 0x767d0000 	C:\Windows\syswow64\kernel32.dll
0x76680000 - 0x766c6000 	C:\Windows\syswow64\KERNELBASE.dll
0x76590000 - 0x76630000 	C:\Windows\syswow64\ADVAPI32.dll
0x76e30000 - 0x76edc000 	C:\Windows\syswow64\msvcrt.dll
0x772a0000 - 0x772b9000 	C:\Windows\SysWOW64\sechost.dll
0x76440000 - 0x76530000 	C:\Windows\syswow64\RPCRT4.dll
0x75290000 - 0x752f0000 	C:\Windows\syswow64\SspiCli.dll
0x75280000 - 0x7528c000 	C:\Windows\syswow64\CRYPTBASE.dll
0x75580000 - 0x75680000 	C:\Windows\syswow64\USER32.dll
0x763b0000 - 0x76440000 	C:\Windows\syswow64\GDI32.dll
0x76940000 - 0x7694a000 	C:\Windows\syswow64\LPK.dll
0x753c0000 - 0x7545d000 	C:\Windows\syswow64\USP10.dll
0x73880000 - 0x73a1e000 	C:\Windows\WinSxS\x86_microsoft.windows.common-controls_6595b64144ccf1df_6.0.7600.16385_none_421189da2b7fabfc\COMCTL32.dll
0x772c0000 - 0x77317000 	C:\Windows\syswow64\SHLWAPI.dll
0x76530000 - 0x76590000 	C:\Windows\system32\IMM32.DLL
0x752f0000 - 0x753bc000 	C:\Windows\syswow64\MSCTF.dll
0x710a0000 - 0x710cc000 	C:\Program Files (x86)\AVG\Av\avghookx.dll
0x6e3c0000 - 0x6e47f000 	C:\Program Files (x86)\Java\jdk1.8.0_05\jre\bin\msvcr100.dll
0x6b340000 - 0x6b6d6000 	C:\Program Files (x86)\Java\jdk1.8.0_05\jre\bin\client\jvm.dll
0x72870000 - 0x72877000 	C:\Windows\system32\WSOCK32.dll
0x75720000 - 0x75755000 	C:\Windows\syswow64\WS2_32.dll
0x77290000 - 0x77296000 	C:\Windows\syswow64\NSI.dll
0x72390000 - 0x723c2000 	C:\Windows\system32\WINMM.dll
0x75710000 - 0x75715000 	C:\Windows\syswow64\PSAPI.DLL
0x711f0000 - 0x711fc000 	C:\Program Files (x86)\Java\jdk1.8.0_05\jre\bin\verify.dll
0x70da0000 - 0x70dc1000 	C:\Program Files (x86)\Java\jdk1.8.0_05\jre\bin\java.dll
0x6e520000 - 0x6e533000 	C:\Program Files (x86)\Java\jdk1.8.0_05\jre\bin\zip.dll
0x75760000 - 0x763a9000 	C:\Windows\syswow64\SHELL32.dll
0x767d0000 - 0x7692c000 	C:\Windows\syswow64\ole32.dll
0x73e20000 - 0x73e2b000 	C:\Windows\system32\profapi.dll

VM Arguments:
jvm_args: -Dfile.encoding=UTF-8 
java_command: skripsi_svmga.UI
java_class_path (initial): C:\Program Files (x86)\NetBeans 8.0\ide\modules\ext\mysql-connector-java-5.1.23-bin.jar;C:\Users\harist\Documents\NetBeansProjects\Skripsi_SVMGA\build\classes
Launcher Type: SUN_STANDARD

Environment Variables:
PATH=C:\Windows\system32;C:\Windows;C:\Windows\System32\Wbem;C:\Windows\System32\WindowsPowerShell\v1.0\;C:\Program Files\Trend Micro\AMSP
USERNAME=harist
OS=Windows_NT
PROCESSOR_IDENTIFIER=Intel64 Family 6 Model 42 Stepping 7, GenuineIntel



---------------  S Y S T E M  ---------------

OS: Windows 7 , 64 bit Build 7600 

CPU:total 4 (2 cores per cpu, 2 threads per core) family 6 model 42 stepping 7, cmov, cx8, fxsr, mmx, sse, sse2, sse3, ssse3, sse4.1, sse4.2, popcnt, clmul, ht, tsc, tscinvbit

Memory: 4k page, physical 4170524k(597684k free), swap 9622308k(7204k free)

vm_info: Java HotSpot(TM) Client VM (25.5-b02) for windows-x86 JRE (1.8.0_05-b13), built on Mar 18 2014 01:14:47 by "java_re" with MS VC++ 10.0 (VS2010)

time: Sat Jan 02 07:12:40 2016
elapsed time: 1 seconds

