#
# A fatal error has been detected by the Java Runtime Environment:
#
#  EXCEPTION_ACCESS_VIOLATION (0xc0000005) at pc=0x00000000, pid=15260, tid=11816
#
# JRE version:  (8.0_05-b13) (build )
# Java VM: Java HotSpot(TM) Client VM (25.5-b02 mixed mode windows-x86 )
# Problematic frame:
# C  0x00000000
#
# Failed to write core dump. Minidumps are not enabled by default on client versions of Windows
#
# If you would like to submit a bug report, please visit:
#   http://bugreport.sun.com/bugreport/crash.jsp
#

---------------  T H R E A D  ---------------

Current thread (0x00efbc00):  JavaThread "Unknown thread" [_thread_in_Java, id=11816, stack(0x025e0000,0x02630000)]

siginfo: ExceptionCode=0xc0000005, ExceptionInformation=0x00000008 0x00000000

Registers:
EAX=0x00100000, EBX=0x14a0c620, ECX=0x04a00a58, EDX=0x00500001
ESP=0x0262c780, EBP=0x0262c7a8, ESI=0x0262c784, EDI=0x0262c7ac
EIP=0x00000000, EFLAGS=0x00010216

Top of Stack: (sp=0x0262c780)
0x0262c780:   02903ba0 04a00a58 0262c788 14a14ffa
0x0262c790:   0262c7ac 14a6e8e0 00000000 14a15038
0x0262c7a0:   0262c784 0262c7b0 0262c7c4 029003d7
0x0262c7b0:   00efbc00 00001f80 0262c8e4 00efbc00
0x0262c7c0:   02900372 0262c84c 6b482285 0262c7f8
0x0262c7d0:   0262c8e4 0000000a 14a15038 029097a0
0x0262c7e0:   0262c8f8 00000000 00efbc00 00efbc00
0x0262c7f0:   00ef68d0 14a15038 00efbc00 00efca50 

Instructions: (pc=0x00000000)
0xffffffe0:   


Register to memory mapping:

EAX=0x00100000 is an unknown value
EBX=0x14a0c620 is an unknown value
ECX=0x04a00a58 is an oop
java.lang.Class 
 - klass: 'java/lang/Class'
EDX=0x00500001 is an unknown value
ESP=0x0262c780 is an unknown value
EBP=0x0262c7a8 is an unknown value
ESI=0x0262c784 is an unknown value
EDI=0x0262c7ac is an unknown value


Stack: [0x025e0000,0x02630000],  sp=0x0262c780,  free space=305k

---------------  P R O C E S S  ---------------

Java Threads: ( => current thread )

Other Threads:

=>0x00efbc00 (exited) JavaThread "Unknown thread" [_thread_in_Java, id=11816, stack(0x025e0000,0x02630000)]

VM state:not at safepoint (normal execution)

VM Mutex/Monitor currently owned by a thread: None

Heap:
 def new generation   total 4928K, used 88K [0x04a00000, 0x04f50000, 0x09f50000)
  eden space 4416K,   2% used [0x04a00000, 0x04a16158, 0x04e50000)
  from space 512K,   0% used [0x04e50000, 0x04e50000, 0x04ed0000)
  to   space 512K,   0% used [0x04ed0000, 0x04ed0000, 0x04f50000)
 tenured generation   total 10944K, used 0K [0x09f50000, 0x0aa00000, 0x14a00000)
   the space 10944K,   0% used [0x09f50000, 0x09f50000, 0x09f50200, 0x0aa00000)
 Metaspace       used 443K, capacity 2240K, committed 2240K, reserved 4480K

Card table byte_map: [0x024d0000,0x02560000] byte_map_base: 0x024ab000

Polling page: 0x009d0000

CodeCache: size=32768Kb used=300Kb max_used=300Kb free=32467Kb
 bounds [0x02900000, 0x02950000, 0x04900000]
 total_blobs=34 nmethods=0 adapters=7
 compilation: disabled (not enough contiguous free space left)

Compilation events (0 events):
No events

GC Heap History (0 events):
No events

Deoptimization events (0 events):
No events

Internal exceptions (0 events):
No events

Events (10 events):
Event: 0.659 loading class java/lang/Short
Event: 0.659 loading class java/lang/Short done
Event: 0.659 loading class java/lang/Integer
Event: 0.659 loading class java/lang/Integer done
Event: 0.659 loading class java/lang/Long
Event: 0.659 loading class java/lang/Long done
Event: 0.660 loading class java/lang/NullPointerException
Event: 0.660 loading class java/lang/NullPointerException done
Event: 0.660 loading class java/lang/ArithmeticException
Event: 0.661 loading class java/lang/ArithmeticException done


Dynamic libraries:
0x01000000 - 0x01030000 	C:\Program Files (x86)\Java\jdk1.8.0_05\bin\java.exe
0x77720000 - 0x778a0000 	C:\Windows\SysWOW64\ntdll.dll
0x766d0000 - 0x767d0000 	C:\Windows\syswow64\kernel32.dll
0x76680000 - 0x766c6000 	C:\Windows\syswow64\KERNELBASE.dll
0x76590000 - 0x76630000 	C:\Windows\syswow64\ADVAPI32.dll
0x76e30000 - 0x76edc000 	C:\Windows\syswow64\msvcrt.dll
0x772a0000 - 0x772b9000 	C:\Windows\SysWOW64\sechost.dll
0x76440000 - 0x76530000 	C:\Windows\syswow64\RPCRT4.dll
0x75290000 - 0x752f0000 	C:\Windows\syswow64\SspiCli.dll
0x75280000 - 0x7528c000 	C:\Windows\syswow64\CRYPTBASE.dll
0x75580000 - 0x75680000 	C:\Windows\syswow64\USER32.dll
0x763b0000 - 0x76440000 	C:\Windows\syswow64\GDI32.dll
0x76940000 - 0x7694a000 	C:\Windows\syswow64\LPK.dll
0x753c0000 - 0x7545d000 	C:\Windows\syswow64\USP10.dll
0x73880000 - 0x73a1e000 	C:\Windows\WinSxS\x86_microsoft.windows.common-controls_6595b64144ccf1df_6.0.7600.16385_none_421189da2b7fabfc\COMCTL32.dll
0x772c0000 - 0x77317000 	C:\Windows\syswow64\SHLWAPI.dll
0x76530000 - 0x76590000 	C:\Windows\system32\IMM32.DLL
0x752f0000 - 0x753bc000 	C:\Windows\syswow64\MSCTF.dll
0x710a0000 - 0x710cc000 	C:\Program Files (x86)\AVG\Av\avghookx.dll
0x6e3c0000 - 0x6e47f000 	C:\Program Files (x86)\Java\jdk1.8.0_05\jre\bin\msvcr100.dll
0x6b340000 - 0x6b6d6000 	C:\Program Files (x86)\Java\jdk1.8.0_05\jre\bin\client\jvm.dll
0x72870000 - 0x72877000 	C:\Windows\system32\WSOCK32.dll
0x75720000 - 0x75755000 	C:\Windows\syswow64\WS2_32.dll
0x77290000 - 0x77296000 	C:\Windows\syswow64\NSI.dll
0x72390000 - 0x723c2000 	C:\Windows\system32\WINMM.dll
0x75710000 - 0x75715000 	C:\Windows\syswow64\PSAPI.DLL
0x711f0000 - 0x711fc000 	C:\Program Files (x86)\Java\jdk1.8.0_05\jre\bin\verify.dll
0x70da0000 - 0x70dc1000 	C:\Program Files (x86)\Java\jdk1.8.0_05\jre\bin\java.dll
0x6e520000 - 0x6e533000 	C:\Program Files (x86)\Java\jdk1.8.0_05\jre\bin\zip.dll
0x6ac00000 - 0x6aceb000 	C:\Windows\system32\dbghelp.dll

VM Arguments:
jvm_args: -Dfile.encoding=UTF-8 
java_command: skripsi_svmga.UI
java_class_path (initial): C:\Program Files (x86)\NetBeans 8.0\ide\modules\ext\mysql-connector-java-5.1.23-bin.jar;C:\Users\harist\Documents\NetBeansProjects\Skripsi_SVMGA\build\classes
Launcher Type: SUN_STANDARD

Environment Variables:
PATH=C:\Windows\system32;C:\Windows;C:\Windows\System32\Wbem;C:\Windows\System32\WindowsPowerShell\v1.0\;C:\Program Files\Trend Micro\AMSP
USERNAME=harist
OS=Windows_NT
PROCESSOR_IDENTIFIER=Intel64 Family 6 Model 42 Stepping 7, GenuineIntel



---------------  S Y S T E M  ---------------

OS: Windows 7 , 64 bit Build 7600 

CPU:total 4 (2 cores per cpu, 2 threads per core) family 6 model 42 stepping 7, cmov, cx8, fxsr, mmx, sse, sse2, sse3, ssse3, sse4.1, sse4.2, popcnt, clmul, ht, tsc, tscinvbit

Memory: 4k page, physical 4170524k(605800k free), swap 9622308k(22100k free)

vm_info: Java HotSpot(TM) Client VM (25.5-b02) for windows-x86 JRE (1.8.0_05-b13), built on Mar 18 2014 01:14:47 by "java_re" with MS VC++ 10.0 (VS2010)

time: Sat Jan 02 07:12:41 2016
elapsed time: 1 seconds

