#
# There is insufficient memory for the Java Runtime Environment to continue.
# Native memory allocation (malloc) failed to allocate 32756 bytes for ChunkPool::allocate
# Possible reasons:
#   The system is out of physical RAM or swap space
#   In 32 bit mode, the process size limit was hit
# Possible solutions:
#   Reduce memory load on the system
#   Increase physical memory or swap space
#   Check if swap backing store is full
#   Use 64 bit Java on a 64 bit OS
#   Decrease Java heap size (-Xmx/-Xms)
#   Decrease number of Java threads
#   Decrease Java thread stack sizes (-Xss)
#   Set larger code cache with -XX:ReservedCodeCacheSize=
# This output file may be truncated or incomplete.
#
#  Out of Memory Error (allocation.cpp:271), pid=12564, tid=13112
#
# JRE version: Java(TM) SE Runtime Environment (8.0_05-b13) (build 1.8.0_05-b13)
# Java VM: Java HotSpot(TM) Client VM (25.5-b02 mixed mode windows-x86 )
# Failed to write core dump. Minidumps are not enabled by default on client versions of Windows
#

---------------  T H R E A D  ---------------

Current thread (0x14eb8800):  JavaThread "C1 CompilerThread0" daemon [_thread_in_vm, id=13112, stack(0x151c0000,0x15210000)]

Stack: [0x151c0000,0x15210000],  sp=0x1520eef8,  free space=315k
Native frames: (J=compiled Java code, j=interpreted, Vv=VM code, C=native code)
V  [jvm.dll+0x1921e8]
V  [jvm.dll+0x18b328]
V  [jvm.dll+0x80d49]
V  [jvm.dll+0x80fbf]
V  [jvm.dll+0x8131a]
V  [jvm.dll+0x1e06a]
V  [jvm.dll+0x279d3d]
V  [jvm.dll+0x27a69e]
V  [jvm.dll+0x274748]
V  [jvm.dll+0x276d20]
V  [jvm.dll+0x277187]
V  [jvm.dll+0x273c08]
V  [jvm.dll+0x275df6]
V  [jvm.dll+0x276816]
V  [jvm.dll+0x27a6fd]
V  [jvm.dll+0x27a84b]
V  [jvm.dll+0x268622]
V  [jvm.dll+0x26880b]
V  [jvm.dll+0x26895a]
V  [jvm.dll+0x268ac2]
V  [jvm.dll+0x268d42]
V  [jvm.dll+0x65aba]
V  [jvm.dll+0x66179]
V  [jvm.dll+0x1645fc]
V  [jvm.dll+0x164e8a]
V  [jvm.dll+0x1a9186]
C  [msvcr100.dll+0x5c556]
C  [msvcr100.dll+0x5c600]
C  [kernel32.dll+0x13677]
C  [ntdll.dll+0x39d72]
C  [ntdll.dll+0x39d45]


Current CompileTask:
C1: 111699  158             javax.swing.plaf.nimbus.NimbusStyle::validate (1178 bytes)


---------------  P R O C E S S  ---------------

Java Threads: ( => current thread )
  0x0230bc00 JavaThread "DestroyJavaVM" [_thread_blocked, id=12936, stack(0x022b0000,0x02300000)]
  0x15057400 JavaThread "AWT-EventQueue-0" [_thread_blocked, id=14192, stack(0x15c40000,0x15c90000)]
  0x15056c00 JavaThread "AWT-Shutdown" [_thread_blocked, id=5944, stack(0x15340000,0x15390000)]
  0x14f02c00 JavaThread "AWT-Windows" daemon [_thread_in_native, id=14196, stack(0x156f0000,0x15740000)]
  0x14ecc000 JavaThread "Java2D Disposer" daemon [_thread_blocked, id=14176, stack(0x158b0000,0x15900000)]
  0x14ec0c00 JavaThread "Service Thread" daemon [_thread_blocked, id=13116, stack(0x15560000,0x155b0000)]
=>0x14eb8800 JavaThread "C1 CompilerThread0" daemon [_thread_in_vm, id=13112, stack(0x151c0000,0x15210000)]
  0x14ec8400 JavaThread "Attach Listener" daemon [_thread_blocked, id=13108, stack(0x15500000,0x15550000)]
  0x14ec5400 JavaThread "Signal Dispatcher" daemon [_thread_blocked, id=13104, stack(0x152f0000,0x15340000)]
  0x14e7bc00 JavaThread "Finalizer" daemon [_thread_blocked, id=13044, stack(0x15390000,0x153e0000)]
  0x14e79800 JavaThread "Reference Handler" daemon [_thread_blocked, id=13036, stack(0x15280000,0x152d0000)]

Other Threads:
  0x14e76400 VMThread [stack: 0x04960000,0x049b0000] [id=13028]
  0x14ec1c00 WatcherThread [stack: 0x153f0000,0x15440000] [id=13120]

VM state:synchronizing (normal execution)

VM Mutex/Monitor currently owned by a thread:  ([mutex/lock_event])
[0x02309e18] Threads_lock - owner thread: 0x14e76400
[0x0230a228] Heap_lock - owner thread: 0x15057400

Heap:
 def new generation   total 4928K, used 3767K [0x04a00000, 0x04f50000, 0x09f50000)
  eden space 4416K,  85% used [0x04a00000, 0x04dadc08, 0x04e50000)
  from space 512K,   0% used [0x04e50000, 0x04e50000, 0x04ed0000)
  to   space 512K,   0% used [0x04ed0000, 0x04ed0000, 0x04f50000)
 tenured generation   total 10944K, used 0K [0x09f50000, 0x0aa00000, 0x14a00000)
   the space 10944K,   0% used [0x09f50000, 0x09f50000, 0x09f50200, 0x0aa00000)
 Metaspace       used 6162K, capacity 6236K, committed 6272K, reserved 6528K

Card table byte_map: [0x02510000,0x025a0000] byte_map_base: 0x024eb000

Polling page: 0x002d0000

CodeCache: size=32768Kb used=875Kb max_used=875Kb free=31892Kb
 bounds [0x028e0000, 0x029c0000, 0x048e0000]
 total_blobs=354 nmethods=157 adapters=129
 compilation: enabled

Compilation events (10 events):
Event: 93.767 Thread 0x14eb8800 nmethod 153 0x029b9b88 code [0x029b9c80, 0x029b9d20]
Event: 94.242 Thread 0x14eb8800  154             javax.swing.plaf.nimbus.NimbusLookAndFeel::getDerivedColor (17 bytes)
Event: 94.243 Thread 0x14eb8800 nmethod 154 0x029b9d88 code [0x029b9e90, 0x029b9f4c]
Event: 94.243 Thread 0x14eb8800  155             javax.swing.plaf.nimbus.NimbusDefaults::getDerivedColor (15 bytes)
Event: 94.243 Thread 0x14eb8800 nmethod 155 0x029ba008 code [0x029ba110, 0x029ba1cc]
Event: 94.243 Thread 0x14eb8800  156             javax.swing.plaf.nimbus.AbstractRegionPainter::decodeColor (39 bytes)
Event: 94.243 Thread 0x14eb8800 nmethod 156 0x029ba248 code [0x029ba3a0, 0x029ba5e4]
Event: 94.243 Thread 0x14eb8800  157             java.util.HashMap$TreeNode::find (172 bytes)
Event: 94.244 Thread 0x14eb8800 nmethod 157 0x029ba908 code [0x029baa50, 0x029bacf0]
Event: 94.244 Thread 0x14eb8800  158             javax.swing.plaf.nimbus.NimbusStyle::validate (1178 bytes)

GC Heap History (0 events):
No events

Deoptimization events (0 events):
No events

Internal exceptions (10 events):
Event: 38.125 Thread 0x0230bc00 Exception <a 'java/lang/ClassNotFoundException': ToggleButton> (0x04c57218) thrown at [D:\re\workspace\8-2-build-windows-i586-cygwin\jdk8u5\2488\hotspot\src\share\vm\classfile\systemDictionary.cpp, line 202]
Event: 38.125 Thread 0x0230bc00 Exception <a 'java/lang/ClassNotFoundException': javax/swing/JToolBarSeparator> (0x04c575d0) thrown at [D:\re\workspace\8-2-build-windows-i586-cygwin\jdk8u5\2488\hotspot\src\share\vm\classfile\systemDictionary.cpp, line 202]
Event: 38.125 Thread 0x0230bc00 Exception <a 'java/lang/ClassNotFoundException': ToolBarSeparator> (0x04c579d8) thrown at [D:\re\workspace\8-2-build-windows-i586-cygwin\jdk8u5\2488\hotspot\src\share\vm\classfile\systemDictionary.cpp, line 202]
Event: 38.136 Thread 0x0230bc00 Exception <a 'java/lang/ClassNotFoundException': ToolTip> (0x04c58028) thrown at [D:\re\workspace\8-2-build-windows-i586-cygwin\jdk8u5\2488\hotspot\src\share\vm\classfile\systemDictionary.cpp, line 202]
Event: 38.164 Thread 0x0230bc00 Exception <a 'java/lang/ClassNotFoundException': Tree> (0x04c58ab8) thrown at [D:\re\workspace\8-2-build-windows-i586-cygwin\jdk8u5\2488\hotspot\src\share\vm\classfile\systemDictionary.cpp, line 202]
Event: 38.164 Thread 0x0230bc00 Exception <a 'java/lang/ClassNotFoundException': Tree> (0x04c59108) thrown at [D:\re\workspace\8-2-build-windows-i586-cygwin\jdk8u5\2488\hotspot\src\share\vm\classfile\systemDictionary.cpp, line 202]
Event: 38.164 Thread 0x0230bc00 Exception <a 'java/lang/ClassNotFoundException': javax/swing/JTreeCell> (0x04c593f0) thrown at [D:\re\workspace\8-2-build-windows-i586-cygwin\jdk8u5\2488\hotspot\src\share\vm\classfile\systemDictionary.cpp, line 202]
Event: 38.164 Thread 0x0230bc00 Exception <a 'java/lang/ClassNotFoundException': TreeCell> (0x04c597e8) thrown at [D:\re\workspace\8-2-build-windows-i586-cygwin\jdk8u5\2488\hotspot\src\share\vm\classfile\systemDictionary.cpp, line 202]
Event: 38.355 Thread 0x0230bc00 Exception <a 'java/lang/ClassNotFoundException': RootPane> (0x04c5a108) thrown at [D:\re\workspace\8-2-build-windows-i586-cygwin\jdk8u5\2488\hotspot\src\share\vm\classfile\systemDictionary.cpp, line 202]
Event: 40.791 Thread 0x0230bc00 Exception <a 'java/security/PrivilegedActionException'> (0x04ca70f0) thrown at [D:\re\workspace\8-2-build-windows-i586-cygwin\jdk8u5\2488\hotspot\src\share\vm\prims\jvm.cpp, line 1248]

Events (10 events):
Event: 94.341 loading class javax/swing/plaf/basic/ComboPopup done
Event: 94.341 loading class javax/swing/plaf/basic/BasicComboPopup done
Event: 94.341 loading class javax/swing/plaf/synth/SynthComboPopup done
Event: 94.341 loading class javax/swing/plaf/basic/BasicComboPopup$EmptyListModelClass
Event: 94.341 loading class javax/swing/plaf/basic/BasicComboPopup$EmptyListModelClass done
Event: 94.341 loading class javax/swing/border/LineBorder
Event: 94.341 loading class javax/swing/border/LineBorder done
Event: 94.342 loading class javax/swing/plaf/synth/SynthPopupMenuUI
Event: 94.342 loading class javax/swing/plaf/synth/SynthPopupMenuUI done
Event: 94.342 loading class javax/swing/plaf/basic/BasicLookAndFeel$AWTEventHelper


Dynamic libraries:
0x00190000 - 0x001c0000 	C:\Program Files (x86)\Java\jdk1.8.0_05\bin\java.exe
0x77040000 - 0x771c0000 	C:\Windows\SysWOW64\ntdll.dll
0x769f0000 - 0x76af0000 	C:\Windows\syswow64\kernel32.dll
0x76bf0000 - 0x76c36000 	C:\Windows\syswow64\KERNELBASE.dll
0x74ff0000 - 0x75090000 	C:\Windows\syswow64\ADVAPI32.dll
0x76340000 - 0x763ec000 	C:\Windows\syswow64\msvcrt.dll
0x760f0000 - 0x76109000 	C:\Windows\SysWOW64\sechost.dll
0x75ee0000 - 0x75fd0000 	C:\Windows\syswow64\RPCRT4.dll
0x74bb0000 - 0x74c10000 	C:\Windows\syswow64\SspiCli.dll
0x74ba0000 - 0x74bac000 	C:\Windows\syswow64\CRYPTBASE.dll
0x750e0000 - 0x751e0000 	C:\Windows\syswow64\USER32.dll
0x76450000 - 0x764e0000 	C:\Windows\syswow64\GDI32.dll
0x77010000 - 0x7701a000 	C:\Windows\syswow64\LPK.dll
0x74f50000 - 0x74fed000 	C:\Windows\syswow64\USP10.dll
0x731a0000 - 0x7333e000 	C:\Windows\WinSxS\x86_microsoft.windows.common-controls_6595b64144ccf1df_6.0.7600.16385_none_421189da2b7fabfc\COMCTL32.dll
0x764e0000 - 0x76537000 	C:\Windows\syswow64\SHLWAPI.dll
0x76960000 - 0x769c0000 	C:\Windows\system32\IMM32.DLL
0x76120000 - 0x761ec000 	C:\Windows\syswow64\MSCTF.dll
0x738b0000 - 0x738dc000 	C:\Program Files (x86)\AVG\Av\avghookx.dll
0x6e8e0000 - 0x6e99f000 	C:\Program Files (x86)\Java\jdk1.8.0_05\jre\bin\msvcr100.dll
0x6aec0000 - 0x6b256000 	C:\Program Files (x86)\Java\jdk1.8.0_05\jre\bin\client\jvm.dll
0x714f0000 - 0x714f7000 	C:\Windows\system32\WSOCK32.dll
0x76550000 - 0x76585000 	C:\Windows\syswow64\WS2_32.dll
0x76110000 - 0x76116000 	C:\Windows\syswow64\NSI.dll
0x72350000 - 0x72382000 	C:\Windows\system32\WINMM.dll
0x76540000 - 0x76545000 	C:\Windows\syswow64\PSAPI.DLL
0x701d0000 - 0x701dc000 	C:\Program Files (x86)\Java\jdk1.8.0_05\jre\bin\verify.dll
0x6ea10000 - 0x6ea31000 	C:\Program Files (x86)\Java\jdk1.8.0_05\jre\bin\java.dll
0x70190000 - 0x701a3000 	C:\Program Files (x86)\Java\jdk1.8.0_05\jre\bin\zip.dll
0x75290000 - 0x75ed9000 	C:\Windows\syswow64\SHELL32.dll
0x74db0000 - 0x74f0c000 	C:\Windows\syswow64\ole32.dll
0x73740000 - 0x7374b000 	C:\Windows\system32\profapi.dll
0x6e770000 - 0x6e8b5000 	C:\Program Files (x86)\Java\jdk1.8.0_05\jre\bin\awt.dll
0x76060000 - 0x760ef000 	C:\Windows\syswow64\OLEAUT32.dll
0x722d0000 - 0x72350000 	C:\Windows\system32\uxtheme.dll
0x72070000 - 0x72083000 	C:\Windows\system32\dwmapi.dll
0x6e730000 - 0x6e769000 	C:\Program Files (x86)\Java\jdk1.8.0_05\jre\bin\fontmanager.dll
0x66050000 - 0x66213000 	C:\Windows\system32\d3d9.dll
0x71eb0000 - 0x71eb9000 	C:\Windows\system32\VERSION.dll
0x66040000 - 0x66046000 	C:\Windows\system32\d3d8thk.dll
0x642c0000 - 0x64c66000 	C:\Windows\system32\nvd3dum.dll
0x66010000 - 0x66035000 	C:\Windows\system32\powrprof.dll
0x74c10000 - 0x74dad000 	C:\Windows\syswow64\SETUPAPI.dll
0x761f0000 - 0x76217000 	C:\Windows\syswow64\CFGMGR32.dll
0x751e0000 - 0x751f2000 	C:\Windows\syswow64\DEVOBJ.dll
0x6ace0000 - 0x6adcb000 	C:\Windows\system32\dbghelp.dll

VM Arguments:
jvm_args: -Dfile.encoding=UTF-8 
java_command: skripsi_svmga.UI
java_class_path (initial): C:\Program Files (x86)\NetBeans 8.0\ide\modules\ext\mysql-connector-java-5.1.23-bin.jar;C:\Users\harist\Documents\NetBeansProjects\Skripsi_SVMGA\build\classes
Launcher Type: SUN_STANDARD

Environment Variables:
PATH=C:\Windows\system32;C:\Windows;C:\Windows\System32\Wbem;C:\Windows\System32\WindowsPowerShell\v1.0\;C:\Program Files\Trend Micro\AMSP
USERNAME=harist
OS=Windows_NT
PROCESSOR_IDENTIFIER=Intel64 Family 6 Model 42 Stepping 7, GenuineIntel



---------------  S Y S T E M  ---------------

OS: Windows 7 , 64 bit Build 7600 

CPU:total 4 (2 cores per cpu, 2 threads per core) family 6 model 42 stepping 7, cmov, cx8, fxsr, mmx, sse, sse2, sse3, ssse3, sse4.1, sse4.2, popcnt, clmul, ht, tsc, tscinvbit

Memory: 4k page, physical 4170524k(704576k free), swap 9652916k(148744k free)

vm_info: Java HotSpot(TM) Client VM (25.5-b02) for windows-x86 JRE (1.8.0_05-b13), built on Mar 18 2014 01:14:47 by "java_re" with MS VC++ 10.0 (VS2010)

time: Sat Jan 02 07:29:37 2016
elapsed time: 111 seconds

