#
# There is insufficient memory for the Java Runtime Environment to continue.
# Native memory allocation (malloc) failed to allocate 32756 bytes for ChunkPool::allocate
# Possible reasons:
#   The system is out of physical RAM or swap space
#   In 32 bit mode, the process size limit was hit
# Possible solutions:
#   Reduce memory load on the system
#   Increase physical memory or swap space
#   Check if swap backing store is full
#   Use 64 bit Java on a 64 bit OS
#   Decrease Java heap size (-Xmx/-Xms)
#   Decrease number of Java threads
#
#  Out of Memory Error
#
# ]
[error occurred during error reporting (printing current compile task), id 0xe0000001]


---------------  P R O C E S S  ---------------

Java Threads: ( => current thread )
  0x14ec1000 JavaThread "Service Thread" daemon [_thread_blocked, id=14372, stack(0x15670000,0x156c0000)]
=>0x14eb8800 JavaThread "C1 CompilerThread0" daemon [_thread_in_native, id=14160, stack(0x15380000,0x153d0000)]
  0x14ec8400 JavaThread "Attach Listener" daemon [_thread_blocked, id=14208, stack(0x049a0000,0x049f0000)]
  0x14ec5400 JavaThread "Signal Dispatcher" daemon [_thread_blocked, id=1176, stack(0x15490000,0x154e0000)]
  0x14e7f400 JavaThread "Finalizer" daemon [_thread_blocked, id=13920, stack(0x15090000,0x150e0000)]
  0x14e79800 JavaThread "Reference Handler" daemon [_thread_blocked, id=9100, stack(0x15330000,0x15380000)]
  0x0203bc00 JavaThread "main" [_thread_in_native, id=14064, stack(0x024c0000,0x02510000)]

Other Threads:
  0x14e76400 VMThread [stack: 0x15270000,0x152c0000] [id=2788]
  0x14ec2000 WatcherThread [stack: 0x155b0000,0x15600000] [id=14436]

VM state:not at safepoint (normal execution)

VM Mutex/Monitor currently owned by a thread: None

Heap:
 def new generation   total 4928K, used 1012K [0x04a00000, 0x04f50000, 0x09f50000)
  eden space 4416K,  22% used [0x04a00000, 0x04afd178, 0x04e50000)
  from space 512K,   0% used [0x04e50000, 0x04e50000, 0x04ed0000)
  to   space 512K,   0% used [0x04ed0000, 0x04ed0000, 0x04f50000)
 tenured generation   total 10944K, used 0K [0x09f50000, 0x0aa00000, 0x14a00000)
   the space 10944K,   0% used [0x09f50000, 0x09f50000, 0x09f50200, 0x0aa00000)
 Metaspace       used 2407K, capacity 2442K, committed 2496K, reserved 4480K

Card table byte_map: [0x048a0000,0x04930000] byte_map_base: 0x0487b000

Polling page: 0x00220000

CodeCache: size=32768Kb used=688Kb max_used=688Kb free=32079Kb
 bounds [0x028a0000, 0x02950000, 0x048a0000]
 total_blobs=164 nmethods=22 adapters=75
 compilation: enabled

Compilation events (10 events):
Event: 66.459 Thread 0x14eb8800 nmethod 18 0x02948dc8 code [0x02948ef0, 0x02949094]
Event: 66.459 Thread 0x14eb8800   19             java.io.DataInputStream::readShort (40 bytes)
Event: 66.460 Thread 0x14eb8800 nmethod 19 0x02949208 code [0x02949330, 0x02949454]
Event: 68.810 Thread 0x14eb8800   20   !         java.io.BufferedReader::readLine (304 bytes)
Event: 68.813 Thread 0x14eb8800 nmethod 20 0x02949688 code [0x02949840, 0x0294a394]
Event: 79.154 Thread 0x14eb8800   21             java.lang.String::indexOf (166 bytes)
Event: 79.155 Thread 0x14eb8800 nmethod 21 0x0294b408 code [0x0294b520, 0x0294b750]
Event: 79.155 Thread 0x14eb8800   22             java.io.WinNTFileSystem::normalize (143 bytes)
Event: 79.155 Thread 0x14eb8800 nmethod 22 0x0294ba88 code [0x0294bbd0, 0x0294be3c]
Event: 79.685 Thread 0x14eb8800   23             sun.nio.cs.UTF_8$Decoder::decodeArrayLoop (671 bytes)

GC Heap History (0 events):
No events

Deoptimization events (0 events):
No events

Internal exceptions (3 events):
Event: 19.300 Thread 0x0203bc00 Exception <a 'java/lang/NoSuchMethodError': Method sun.misc.Unsafe.defineClass(Ljava/lang/String;[BII)Ljava/lang/Class; name or signature does not match> (0x04a0a960) thrown at [D:\re\workspace\8-2-build-windows-i586-cygwin\jdk8u5\2488\hotspot\src\share\vm½ª ¶L3@
Event: 19.300 Thread 0x0203bc00 Exception <a 'java/lang/NoSuchMethodError': Method sun.misc.Unsafe.prefetchRead(Ljava/lang/Object;J)V name or signature does not match> (0x04a0abe0) thrown at [D:\re\workspace\8-2-build-windows-i586-cygwin\jdk8u5\2488\hotspot\src\share\vm\prims\jni.cpp, li¡†h¼ôG@
Event: 47.912 Thread 0x0203bc00 Exception <a 'java/security/PrivilegedActionException'> (0x04a6ddd0) thrown at [D:\re\workspace\8-2-build-windows-i586-cygwin\jdk8u5\2488\hotspot\src\share\vm\prims\jvm.cpp, line 1248]

Events (10 events):
Event: 78.586 loading class java/util/LinkedHashMap$LinkedEntrySet
Event: 78.938 loading class java/util/LinkedHashMap$LinkedEntrySet done
Event: 78.938 loading class java/util/LinkedHashMap$LinkedEntryIterator
Event: 78.938 loading class java/util/LinkedHashMap$LinkedHashIterator
Event: 78.938 loading class java/util/LinkedHashMap$LinkedHashIterator done
Event: 78.938 loading class java/util/LinkedHashMap$LinkedEntryIterator done
Event: 78.938 loading class sun/misc/Launcher$BootClassPathHolder
Event: 79.153 loading class sun/misc/Launcher$BootClassPathHolder done
Event: 79.153 loading class sun/misc/Launcher$BootClassPathHolder$1
Event: 79.154 loading class sun/misc/Launcher$BootClassPathHolder$1 done


Dynamic libraries:
0x00190000 - 0x001c0000 	C:\Program Files (x86)\Java\jdk1.8.0_05\bin\java.exe
0x77040000 - 0x771c0000 	C:\Windows\SysWOW64\ntdll.dll
0x769f0000 - 0x76af0000 	C:\Windows\syswow64\kernel32.dll
0x76bf0000 - 0x76c36000 	C:\Windows\syswow64\KERNELBASE.dll
0x74ff0000 - 0x75090000 	C:\Windows\syswow64\ADVAPI32.dll
0x76340000 - 0x763ec000 	C:\Windows\syswow64\msvcrt.dll
0x760f0000 - 0x76109000 	C:\Windows\SysWOW64\sechost.dll
0x75ee0000 - 0x75fd0000 	C:\Windows\syswow64\RPCRT4.dll
0x74bb0000 - 0x74c10000 	C:\Windows\syswow64\SspiCli.dll
0x74ba0000 - 0x74bac000 	C:\Windows\syswow64\CRYPTBASE.dll
0x750e0000 - 0x751e0000 	C:\Windows\syswow64\USER32.dll
0x76450000 - 0x764e0000 	C:\Windows\syswow64\GDI32.dll
0x77010000 - 0x7701a000 	C:\Windows\syswow64\LPK.dll
0x74f50000 - 0x74fed000 	C:\Windows\syswow64\USP10.dll
0x731a0000 - 0x7333e000 	C:\Windows\WinSxS\x86_microsoft.windows.common-controls_6595b64144ccf1df_6.0.7600.16385_none_421189da2b7fabfc\COMCTL32.dll
0x764e0000 - 0x76537000 	C:\Windows\syswow64\SHLWAPI.dll
0x76960000 - 0x769c0000 	C:\Windows\system32\IMM32.DLL
0x76120000 - 0x761ec000 	C:\Windows\syswow64\MSCTF.dll
0x738b0000 - 0x738dc000 	C:\Program Files (x86)\AVG\Av\avghookx.dll
0x6e8e0000 - 0x6e99f000 	C:\Program Files (x86)\Java\jdk1.8.0_05\jre\bin\msvcr100.dll
0x6aec0000 - 0x6b256000 	C:\Program Files (x86)\Java\jdk1.8.0_05\jre\bin\client\jvm.dll
0x714f0000 - 0x714f7000 	C:\Windows\system32\WSOCK32.dll
0x76550000 - 0x76585000 	C:\Windows\syswow64\WS2_32.dll
0x76110000 - 0x76116000 	C:\Windows\syswow64\NSI.dll
0x72350000 - 0x72382000 	C:\Windows\system32\WINMM.dll
0x76540000 - 0x76545000 	C:\Windows\syswow64\PSAPI.DLL
0x701d0000 - 0x701dc000 	C:\Program Files (x86)\Java\jdk1.8.0_05\jre\bin\verify.dll
0x6ea10000 - 0x6ea31000 	C:\Program Files (x86)\Java\jdk1.8.0_05\jre\bin\java.dll
0x70190000 - 0x701a3000 	C:\Program Files (x86)\Java\jdk1.8.0_05\jre\bin\zip.dll
0x75290000 - 0x75ed9000 	C:\Windows\syswow64\SHELL32.dll
0x74db0000 - 0x74f0c000 	C:\Windows\syswow64\ole32.dll
0x73740000 - 0x7374b000 	C:\Windows\system32\profapi.dll
0x6e770000 - 0x6e8b5000 	C:\Program Files (x86)\Java\jdk1.8.0_05\jre\bin\awt.dll
0x76060000 - 0x760ef000 	C:\Windows\syswow64\OLEAUT32.dll

VM Arguments:
jvm_args: -Dfile.encoding=UTF-8 
java_command: skripsi_svmga.UI
java_class_path (initial): C:\Program Files (x86)\NetBeans 8.0\ide\modules\ext\mysql-connector-java-5.1.23-bin.jar;C:\Users\harist\Documents\NetBeansProjects\Skripsi_SVMGA\build\classes
Launcher Type: SUN_STANDARD

Environment Variables:
PATH=C:\Windows\system32;C:\Windows;C:\Windows\System32\Wbem;C:\Windows\System32\WindowsPowerShell\v1.0\;C:\Program Files\Trend Micro\AMSP
USERNAME=harist
OS=Windows_NT
PROCESSOR_IDENTIFIER=Intel64 Family 6 Model 42 Stepping 7, GenuineIntel



---------------  S Y S T E M  ---------------

OS: Windows 7 , 64 bit Build 7600 

CPU:total 4 (2 cores per cpu, 2 threads per core) family 6 model 42 stepping 7, cmov, cx8, fxsr, mmx, sse, sse2, sse3, ssse3, sse4.1, sse4.2, popcnt, clmul, ht, tsc, tscinvbit

Memory: 4k page, physical 4170524k(619972k free), swap 9600680k(21212k free)

vm_info: Java HotSpot(TM) Client VM (25.5-b02) for windows-x86 JRE (1.8.0_05-b13), built on Mar 18 2014 01:14:47 by "java_re" with MS VC++ 10.0 (VS2010)

time: Sat Jan 02 07:29:35 2016
elapsed time: 93 seconds

